2025-09-14 00:29:19 - AIAssistant - INFO - Starting AI Assistant
2025-09-14 00:29:19 - AIAssistant - INFO - Running in interactive CLI mode
2025-09-14 00:29:19 - AIAssistant - INFO - Displayed welcome message
2025-09-14 00:29:19 - AIAssistant - INFO - Processing single query: None
2025-09-14 00:29:19 - AIAssistant - INFO - Validating Firebase connectivity
2025-09-14 00:29:20 - AIAssistant - INFO - Firebase connected successfully
2025-09-14 00:29:20 - AIAssistant - INFO - Loading or creating user profile
2025-09-14 00:29:20 - AIAssistant - DEBUG - User profile loaded: {"Current Focus": "Grow career skills", "integrations": {"email": "parthdhengle12@gmail.com"}, "Productive Time": "Morning", "updated_at": "2025-09-11T17:04:07.698024", "focus_hours": ["Morning"], "Mood Check": "Daily", "name": "Parth", "Name": "Parth Dhengle", "AI Tone": "Motivational", "Role": "Professional (Engineer/Developer)", "timezone": "UTC", "Location": "IST", "Top Task Type": "Work", "Reminder Type": "Email", "permissions": {}, "email": "parthdhengle12@gmail.com", "Break Reminder": "Every 2 hours", "Missed Task Handling": "Reschedule Automatically", "Top Motivation": "Career Growth"}
2025-09-14 00:30:08 - AIAssistant - INFO - CLI input interrupted by user
2025-09-14 00:30:08 - AIAssistant - INFO - User requested to quit
2025-09-15 19:15:21 - AIAssistant - INFO - Starting AI Assistant
2025-09-15 19:15:21 - AIAssistant - INFO - Running in interactive CLI mode
2025-09-15 19:15:21 - AIAssistant - INFO - Displayed welcome message
2025-09-15 19:15:21 - AIAssistant - INFO - Processing single query: None
2025-09-15 19:15:21 - AIAssistant - INFO - Validating Firebase connectivity
2025-09-15 19:15:22 - AIAssistant - INFO - Firebase connected successfully
2025-09-15 19:15:22 - AIAssistant - INFO - Loading or creating user profile
2025-09-15 19:15:22 - AIAssistant - DEBUG - User profile loaded: {"Current Focus": "Grow career skills", "integrations": {"email": "parthdhengle12@gmail.com"}, "Productive Time": "Morning", "updated_at": "2025-09-11T17:04:07.698024", "focus_hours": ["Morning"], "Mood Check": "Daily", "name": "Parth", "Name": "Parth Dhengle", "AI Tone": "Motivational", "Role": "Professional (Engineer/Developer)", "timezone": "UTC", "Location": "IST", "Top Task Type": "Work", "Reminder Type": "Email", "permissions": {}, "email": "parthdhengle12@gmail.com", "Break Reminder": "Every 2 hours", "Missed Task Handling": "Reschedule Automatically", "Top Motivation": "Career Growth"}
2025-09-15 19:15:36 - AIAssistant - DEBUG - Received CLI input: create a ppt on india
2025-09-15 19:15:36 - AIAssistant - INFO - Processing query: create a ppt on india for user Parth Dhengle
2025-09-15 19:15:51 - AIAssistant - ERROR - Error processing query 'create a ppt on india': name 'get_operations' is not defined
2025-09-15 19:15:51 - AIAssistant - INFO - Processing single query: None
2025-09-15 19:15:51 - AIAssistant - INFO - Validating Firebase connectivity
2025-09-15 19:15:51 - AIAssistant - INFO - Firebase connected successfully
2025-09-15 19:15:51 - AIAssistant - INFO - Loading or creating user profile
2025-09-15 19:15:51 - AIAssistant - DEBUG - User profile loaded: {"Current Focus": "Grow career skills", "integrations": {"email": "parthdhengle12@gmail.com"}, "Productive Time": "Morning", "updated_at": "2025-09-11T17:04:07.698024", "focus_hours": ["Morning"], "Mood Check": "Daily", "name": "Parth", "Name": "Parth Dhengle", "AI Tone": "Motivational", "Role": "Professional (Engineer/Developer)", "timezone": "UTC", "Location": "IST", "Top Task Type": "Work", "Reminder Type": "Email", "permissions": {}, "email": "parthdhengle12@gmail.com", "Break Reminder": "Every 2 hours", "Missed Task Handling": "Reschedule Automatically", "Top Motivation": "Career Growth"}
2025-09-15 19:17:20 - AIAssistant - INFO - CLI input interrupted by user
2025-09-15 19:17:20 - AIAssistant - INFO - User requested to quit
2025-09-15 19:18:43 - AIAssistant - INFO - Starting AI Assistant
2025-09-15 19:18:43 - AIAssistant - INFO - Running in interactive CLI mode
2025-09-15 19:18:43 - AIAssistant - INFO - Displayed welcome message
2025-09-15 19:18:43 - AIAssistant - INFO - Processing single query: None
2025-09-15 19:18:43 - AIAssistant - INFO - Validating Firebase connectivity
2025-09-15 19:18:44 - AIAssistant - INFO - Firebase connected successfully
2025-09-15 19:18:44 - AIAssistant - INFO - Loading or creating user profile
2025-09-15 19:18:45 - AIAssistant - DEBUG - User profile loaded: {"Current Focus": "Grow career skills", "integrations": {"email": "parthdhengle12@gmail.com"}, "Productive Time": "Morning", "updated_at": "2025-09-11T17:04:07.698024", "focus_hours": ["Morning"], "Mood Check": "Daily", "name": "Parth", "Name": "Parth Dhengle", "AI Tone": "Motivational", "Role": "Professional (Engineer/Developer)", "timezone": "UTC", "Location": "IST", "Top Task Type": "Work", "Reminder Type": "Email", "permissions": {}, "email": "parthdhengle12@gmail.com", "Break Reminder": "Every 2 hours", "Missed Task Handling": "Reschedule Automatically", "Top Motivation": "Career Growth"}
2025-09-15 19:19:30 - AIAssistant - DEBUG - Received CLI input: create a ppt on india
2025-09-15 19:19:30 - AIAssistant - INFO - Processing query: create a ppt on india for user Parth Dhengle
2025-09-15 19:19:58 - AIAssistant - DEBUG - Query response: I attempted to create a PowerPoint presentation for you about India, but encountered an error: the 'office.ppt.create' operation requires valid parameters 'content' and 'file_path', but 'title' was provided instead. To proceed, please provide the presentation content and desired file path. This aligns with your goal of career skill growth and morning productivity—once created, you can easily share via email for collaboration.
2025-09-15 19:19:58 - AIAssistant - INFO - Processing single query: None
2025-09-15 19:19:58 - AIAssistant - INFO - Validating Firebase connectivity
2025-09-15 19:19:58 - AIAssistant - INFO - Firebase connected successfully
2025-09-15 19:19:58 - AIAssistant - INFO - Loading or creating user profile
2025-09-15 19:19:58 - AIAssistant - DEBUG - User profile loaded: {"Current Focus": "Grow career skills", "integrations": {"email": "parthdhengle12@gmail.com"}, "Productive Time": "Morning", "updated_at": "2025-09-11T17:04:07.698024", "focus_hours": ["Morning"], "Mood Check": "Daily", "name": "Parth", "Name": "Parth Dhengle", "AI Tone": "Motivational", "Role": "Professional (Engineer/Developer)", "timezone": "UTC", "Location": "IST", "Top Task Type": "Work", "Reminder Type": "Email", "permissions": {}, "email": "parthdhengle12@gmail.com", "Break Reminder": "Every 2 hours", "Missed Task Handling": "Reschedule Automatically", "Top Motivation": "Career Growth"}
2025-09-15 19:31:00 - AIAssistant - INFO - CLI input interrupted by user
2025-09-15 19:31:00 - AIAssistant - INFO - User requested to quit
